make all --print-data-base --no-builtin-variables --no-builtin-rules --question
# GNU Make 4.2.1
# Built for x86_64-pc-linux-gnu
# Copyright (C) 1988-2016 Free Software Foundation, Inc.
# License GPLv3+: GNU GPL version 3 or later <http://gnu.org/licenses/gpl.html>
# This is free software: you are free to change and redistribute it.
# There is NO WARRANTY, to the extent permitted by law.

# Make data base, printed on Sat May 14 18:40:35 2022

# Variables

# automatic
<D = $(patsubst %/,%,$(dir $<))
# automatic
?F = $(notdir $?)
# environment
DESKTOP_SESSION = xubuntu
# default
.SHELLFLAGS := -c
# environment
XDG_SESSION_CLASS = user
# environment
XDG_SESSION_TYPE = x11
# environment
VSCODE_LOG_NATIVE = false
# environment
NVM_INC = /home/luisnquin/.nvm/versions/node/v18.0.0/include/node
# automatic
?D = $(patsubst %/,%,$(dir $?))
# automatic
@D = $(patsubst %/,%,$(dir $@))
# environment
XAUTHORITY = /home/luisnquin/.Xauthority
# environment
GDMSESSION = xubuntu
# default
MAKE_VERSION := 4.2.1
# makefile
CURDIR := /home/luisnquin/workspace/projects/mcserver-cli
# makefile
SHELL = /bin/sh
# environment
GDM_LANG = es_PE
# environment
VSCODE_NLS_CONFIG = {"locale":"es-419","availableLanguages":{},"_languagePackSupport":true}
# environment
_ = /usr/share/code/code
# environment
XDG_CONFIG_DIRS = /etc/xdg/xdg-xubuntu:/etc/xdg:/etc/xdg
# environment
GTK_OVERLAY_SCROLLING = 0
# makefile (from 'Makefile', line 1)
MAKEFILE_LIST :=  Makefile
# automatic
@F = $(notdir $@)
# environment
GO111MODULE = on
# 'override' directive
GNUMAKEFLAGS := 
# environment
MANDATORY_PATH = /usr/share/gconf/xubuntu.mandatory.path
# environment
XDG_DATA_DIRS = /usr/share/xubuntu:/usr/share/xfce4:/home/luisnquin/.local/share/flatpak/exports/share:/var/lib/flatpak/exports/share:/usr/local/share:/usr/share:/var/lib/snapd/desktop:/usr/share
# environment
VSCODE_AMD_ENTRYPOINT = vs/workbench/api/node/extensionHostProcess
# environment
DBUS_SESSION_BUS_ADDRESS = unix:path=/run/user/1000/bus
# environment
VSCODE_VERBOSE_LOGGING = true
# environment
P9K_SSH = 0
# environment
VSCODE_IPC_HOOK_EXTHOST = /run/user/1000/vscode-ipc-2f4de62c-6c6b-49e1-a170-3b4136d4de8f.sock
# environment
VSCODE_CWD = /home/luisnquin
# environment
GOPROXY = https://proxy.golang.org,direct
# environment
XDG_SESSION_PATH = /org/freedesktop/DisplayManager/Session0
# default
MAKE_HOST := x86_64-pc-linux-gnu
# environment
PATH = /usr/bin/go/bin:/home/luisnquin/.nvm/versions/node/v18.0.0/bin::/home/luisnquin/go/bin:/home/luisnquin/.local/bin:/usr/local/sbin:/usr/local/bin:/usr/sbin:/usr/bin:/sbin:/bin:/usr/games:/usr/local/games:/snap/bin
# environment
GPG_AGENT_INFO = /run/user/1000/gnupg/S.gpg-agent:0:1
# environment
LSCOLORS = Gxfxcxdxbxegedabagacad
# environment
SESSION_MANAGER = local/rat:@/tmp/.ICE-unix/1287,unix/rat:/tmp/.ICE-unix/1287
# environment
XDG_RUNTIME_DIR = /run/user/1000
# environment
GOPATH = /home/luisnquin/go
# environment
NVM_BIN = /home/luisnquin/.nvm/versions/node/v18.0.0/bin
# environment
XDG_MENU_PREFIX = xfce-
# environment
VSCODE_LOG_STACK = false
# environment
ELECTRON_RUN_AS_NODE = 1
# default
.FEATURES := target-specific order-only second-expansion else-if shortest-stem undefine oneshell archives jobserver output-sync check-symlink load
# environment
XDG_GREETER_DATA_DIR = /var/lib/lightdm-data/luisnquin
# environment
LS_COLORS = 
# environment
XDG_SESSION_DESKTOP = xubuntu
# environment
SSH_AUTH_SOCK = /run/user/1000/keyring/ssh
# automatic
%F = $(notdir $%)
# environment
DISPLAY = :0.0
# environment
VSCODE_PIPE_LOGGING = true
# environment
PWD = /home/luisnquin/workspace/projects/mcserver-cli
# environment
QT_QPA_PLATFORMTHEME = gtk2
# default
.LOADED := 
# environment
XDG_SEAT = seat0
# environment
SSH_AGENT_PID = 1391
# environment
ORIGINAL_XDG_CURRENT_DESKTOP = XFCE
# environment
GOMODCACHE = /home/luisnquin/go/pkg/mod
# environment
HOME = /home/luisnquin
# environment
VSCODE_CODE_CACHE_PATH = /home/luisnquin/.config/Code/CachedData/da15b6fd3ef856477bf6f4fb29ba1b7af717770d
# environment
LOGNAME = luisnquin
# environment
APPLICATION_INSIGHTS_NO_DIAGNOSTIC_CHANNEL = 1
# environment
NVM_CD_FLAGS = -q
# environment
ZSH = /home/luisnquin/.oh-my-zsh
# environment
VSCODE_HANDLES_UNCAUGHT_ERRORS = true
# automatic
^D = $(patsubst %/,%,$(dir $^))
# environment
XDG_VTNR = 7
# environment
CLUTTER_BACKEND = x11
# environment
MAKELEVEL := 0
# default
MAKE = $(MAKE_COMMAND)
# default
MAKECMDGOALS := all
# environment
SHLVL = 0
# environment
XDG_SESSION_ID = c2
# environment
USER = luisnquin
# makefile
.DEFAULT_GOAL := build
# environment
XDG_CURRENT_DESKTOP = XFCE
# environment
GOROOT = /usr/bin/go
# environment
LESS = -R
# automatic
%D = $(patsubst %/,%,$(dir $%))
# default
MAKE_COMMAND := make
# environment
OLDPWD = /home/luisnquin
# default
.VARIABLES := 
# automatic
*F = $(notdir $*)
# environment
LANGUAGE = es_PE:es
# environment
XDG_SEAT_PATH = /org/freedesktop/DisplayManager/Seat0
# environment
VSCODE_IPC_HOOK = /run/user/1000/vscode-b2753e4a-1.67.1-main.sock
# environment
PANEL_GDK_CORE_DEVICE_EVENTS = 0
# makefile
MAKEFLAGS = pqrR
# environment
MFLAGS = -pqrR
# automatic
*D = $(patsubst %/,%,$(dir $*))
# environment
NVM_DIR = /home/luisnquin/.nvm
# automatic
+D = $(patsubst %/,%,$(dir $+))
# environment
GDK_BACKEND = x11
# automatic
+F = $(notdir $+)
# environment
QT_ACCESSIBILITY = 1
# environment
DEFAULTS_PATH = /usr/share/gconf/xubuntu.default.path
# default
MAKEFILES := 
# automatic
<F = $(notdir $<)
# environment
GOPRIVATE = gitlab.com/wiserskills/
# environment
PAGER = less
# environment
LC_ALL = C
# automatic
^F = $(notdir $^)
# default
SUFFIXES := 
# environment
CHROME_DESKTOP = code-url-handler.desktop
# default
.INCLUDE_DIRS = /usr/include /usr/local/include /usr/include
# default
.RECIPEPREFIX := 
# environment
LANG = C
# environment
VSCODE_PID = 3889
# variable set hash-table stats:
# Load=110/1024=11%, Rehash=0, Collisions=7/135=5%

# Pattern-specific Variable Values

# No pattern-specific variable values.

# Directories

# . (device 66308, inode 3947261): 13 files, no impossibilities.

# 13 files, no impossibilities in 1 directories.

# Implicit Rules

# No implicit rules.

# Files

# Not a target:
all:
#  Command line target.
#  Implicit rule search has been done.
#  File does not exist.
#  File has not been updated.

.PHONY: build
#  Implicit rule search has not been done.
#  Modification time never checked.
#  File has not been updated.

uninstall:
#  Implicit rule search has not been done.
#  Modification time never checked.
#  File has not been updated.
#  recipe to execute (from 'Makefile', line 17):
	@echo "Uninstalled"

# Not a target:
Makefile:
#  Implicit rule search has been done.
#  Last modified 2022-05-14 15:57:27.320010495
#  File has been updated.
#  Successfully updated.

build:
#  Phony target (prerequisite of .PHONY).
#  Implicit rule search has not been done.
#  File does not exist.
#  File has not been updated.
#  recipe to execute (from 'Makefile', line 4):
	@go build -o ./build/mcserver ./src/main.go

# Not a target:
.DEFAULT:
#  Implicit rule search has not been done.
#  Modification time never checked.
#  File has not been updated.

run:
#  Implicit rule search has not been done.
#  Modification time never checked.
#  File has not been updated.
 
make: *** No rule to make target 'all'.  Stop.

#  recipe to execute (from 'Makefile', line 7):
	@./build/mcserver

clean:
#  Implicit rule search has not been done.
#  Modification time never checked.
#  File has not been updated.
#  recipe to execute (from 'Makefile', line 10):
	@rm -rf ./bin
	@mkdir bin

install:
#  Implicit rule search has not been done.
#  Modification time never checked.
#  File has not been updated.
#  recipe to execute (from 'Makefile', line 14):
	@echo Installed

# files hash-table stats:
# Load=10/1024=1%, Rehash=0, Collisions=1/22=5%
# VPATH Search Paths

# No 'vpath' search paths.

# No general ('VPATH' variable) search path.

# strcache buffers: 1 (0) / strings = 23 / storage = 189 B / avg = 8 B
# current buf: size = 8162 B / used = 189 B / count = 23 / avg = 8 B

# strcache performance: lookups = 35 / hit rate = 34%
# hash-table stats:
# Load=23/8192=0%, Rehash=0, Collisions=1/35=3%
# Finished Make data base on Sat May 14 18:40:35 2022

 
